make.exe all --print-data-base --no-builtin-variables --no-builtin-rules --question
# GNU Make 3.81
# Copyright (C) 2006  Free Software Foundation, Inc.
# This is free software; see the source for copying conditions.
# There is NO warranty; not even for MERCHANTABILITY or FITNESS FOR A
# PARTICULAR PURPOSE.

# This program built for i386-pc-mingw32

# Make data base, printed on Sat May 14 23:13:50 2022

# Variables

# automatic
<D = $(patsubst %/,%,$(dir $<))
# automatic
?F = $(notdir $?)
# environment
NODE_TLS_REJECT_UNAUTHORIZED = 0
# makefile
MAKEFLAGS = Rrqp
# environment
VSCODE_LOG_NATIVE = false
# automatic
?D = $(patsubst %/,%,$(dir $?))
# automatic
@D = $(patsubst %/,%,$(dir $@))
# environment
HOMEDRIVE = c:
# automatic
@F = $(notdir $@)
# automatic
^D = $(patsubst %/,%,$(dir $^))
# makefile
CURDIR := c:/drive-d/repos/github.com/yasir2000/go-grpc-1
# default
SHELL := sh.exe
# environment
WINDIR = C:\WINDOWS
# environment
VSCODE_NLS_CONFIG = {"locale":"en-us","availableLanguages":{},"_languagePackSupport":true}
# environment
VBOX_MSI_INSTALL_PATH = G:\Program Files\Oracle\VirtualBox\
# environment
ONEDRIVE = C:\Users\pc\OneDrive
# environment
PATHEXT = .COM;.EXE;.BAT;.CMD;.VBS;.VBE;.JS;.JSE;.WSF;.WSH;.MSC;.PY;.PYW;.RB;.RBW
# makefile (from `makefile', line 1)
MAKEFILE_LIST :=  makefile
# environment
TMP = G:\Users\pc1\TMP
# environment
VSCODE_VERBOSE_LOGGING = true
# environment
CLOUDSDK_PYTHON = G:\Users\pc1\TEMP\tmpzpte0kt8\python\python.exe
# environment
PROGRAMW6432 = C:\Program Files
# environment
PROGRAMDATA = C:\ProgramData
# environment
VSCODE_IPC_HOOK_EXTHOST = \\.\pipe\vscode-ipc-64ef7d39-451e-4103-8956-7d46b5249202-sock
# environment
VSCODE_CWD = G:\Users\pc\AppData\Local\Programs\Microsoft VS Code
# environment
PATH = C:\Program Files (x86)\Microsoft SDKs\Azure\CLI2\wbin;C:\Program Files\Eclipse Adoptium\jdk-17.0.1.12-hotspot\bin;C:\Python310\Scripts\;C:\Python310\;C:\Windows\system32;C:\Windows;C:\Windows\System32\Wbem;C:\Windows\System32\WindowsPowerShell\v1.0\;C:\Windows\System32\OpenSSH\;C:\Program Files (x86)\NVIDIA Corporation\PhysX\Common;C:\Program Files\NVIDIA Corporation\NVIDIA NvDLISR;G:\Program Files\nodejs\;C:\ProgramData\chocolatey\bin;G:\Program Files\RedHat\java-1.8.0-openjdk-1.8.0.312-2\bin;G:\Program Files\RedHat\java-1.8.0-openjdk-1.8.0.312-2\jre\bin;C:\Program Files\dotnet\;C:\Program Files\Git\cmd;g:\TDM-GCC-64\bin;g:\Program Files\Git\cmd;C:\Users\pc\go\src;C:\Program Files (x86)\GnuWin32\bin;C:\Users\pc\.local\bin;G:\Program Files\PostgreSQL\14\bin;C:\Program Files\luajit;G:\Go;G:\go\bin;G:\HashiCorp\Vagrant\bin;G:\Program Files\flutter\flutter\bin;C:\Program Files\Microsoft SQL Server\150\Tools\Binn\;C:\Program Files (x86)\dotnet\;C:\WINDOWS\system32;C:\WINDOWS;C:\WINDOWS\System32\Wbem;C:\WINDOWS\System32\WindowsPowerShell\v1.0\;C:\WINDOWS\System32\OpenSSH\;G:\Program Files\qemu;c:\Users\pc\AppData\Local\Programs\Rancher Desktop\resources\resources\win32\bin;g:\Program Files (x86)\Google\Cloud SDK\google-cloud-sdk\bin;G:\Program Files\Amazon\AWSCLIV2\;G:\Program Files\PuTTY\;C:\Program Files (x86)\AOMEI\AOMEI Backupper\6.9.1;C:\Program Files\Docker\Docker\resources\bin;C:\ProgramData\DockerDesktop\version-bin;C:\Users\pc\scoop\shims;C:\Program Files\MySQL\MySQL Shell 8.0\bin\;g:\Ruby30-x64\bin;g:\Users\pc1\AppData\Local\Microsoft\WindowsApps;g:\Users\pc1\go\bin;g:\Users\pc1\AppData\Roaming\npm;g:\Users\pc1\AppData\Local\GitHubDesktop\bin;g:\Program Files\JetBrains\IntelliJ IDEA Community Edition 2021.2.3\bin;c:\dapr;g:\Users\pc1\.dapr\bin;g:\Users\pc1\.dotnet\tools;G:\Users\pc1\AppData\Local\Programs\Hyper\resources\bin;C:\drive-d\GoLand 2021.2.4\bin;C:\Program Files\JetBrains\IntelliJ IDEA 2021.2.3\bin;G:\TDM-GCC-64\bin;g:\Users\pc1\go\src;g:\Program Files (x86)\GnuWin32\bin;g:\Users\pc1\.local\bin;g:\Users\pc1\AppData\Local\Programs\Fiddler;G:\Program Files\PostgreSQL\14\bin;C:\Program Files\luajit;G:\Go;G:\go\bin;G:\HashiCorp\Vagrant\bin;C:\Program Files\MicroK8s;C:\Program Files\MicroK8s\kubectl;g:\Program Files\Multipass\bin;G:\Program Files\flutter\flutter\bin;C:\tools\dart-sdk\bin;g:\Users\pc\AppData\Roaming\Pub\Cache\bin;c:\Users\pc\AppData\Local\Microsoft\WindowsApps;c:\Us;g:\Users\pc\AppData\Local\Programs\Hyper\resources\bin;G:\Users\pc\AppData\Local\Programs\Hyper\resources\bin;g:\Program Files\JetBrains\PyCharm 2021.3.3\bin;C:\drive-d\Microsoft VS Code\bin;g:\Users\pc\AppData\Local\Programs\Microsoft VS Code\bin;c:\Users\pc\AppData\Local\Programs\Rancher Desktop\resources\resources\win32\bin;c:\Users\pc\AppData\Local\Programs\Rancher Desktop\resources\resources\linux\bin;c:\Users\pc\AppData\Local\cloud-code\installer\google-cloud-sdk\bin;c:\Users\pc\AppData\Local\Google\Cloud SDK\google-cloud-sdk\bin;C:\Program Files (x86)\Google\Cloud SDK\google-cloud-sdk\bin;C:\Program Files\Google\Cloud SDK\google-cloud-sdk\bin
# environment
COMMONPROGRAMW6432 = C:\Program Files\Common Files
# environment
CHOCOLATEYLASTPATHUPDATE = 132887340401165056
# environment
PROCESSOR_ARCHITECTURE = x86
# environment
USERPROFILE = c:\Users\pc
# environment
CHOCOLATEYINSTALL = C:\ProgramData\chocolatey
# environment
ALLUSERSPROFILE = C:\ProgramData
# environment
GOPATH = g:\Users\pc1\go
# environment
POSTGRESQL_URL = postgres://postgres:yasir2000@localhost:5433/example?sslmode=disable
# environment
VSCODE_LOG_STACK = false
# environment
NUMBER_OF_PROCESSORS = 12
# environment
ELECTRON_RUN_AS_NODE = 1
# environment
KUBECONFIG = C:\Users\pc\.kube\config
# default
.FEATURES := target-specific order-only second-expansion else-if archives
# environment
CLOUDSDK_METRICS_ENVIRONMENT = cloudcode.vscode
# environment
INTELLIJ IDEA = C:\Program Files\JetBrains\IntelliJ IDEA 2021.2.3\bin;
# automatic
%F = $(notdir $%)
# environment
CHROME_CRASHPAD_PIPE_NAME = \\.\pipe\crashpad_14568_QBHVFCFWNHKNTCHG
# environment
REDHAT_JAVA_HOME = G:\Program Files\RedHat\java-1.8.0-openjdk-1.8.0.312-2\
# environment
CLOUDSDK_METRICS_ENVIRONMENT_VERSION = 1.18.2
# environment
VSCODE_PIPE_LOGGING = true
# environment
COMPUTERNAME = DESKTOP-SFSE5MQ
# environment
PROGRAMFILES = C:\Program Files (x86)
# environment
GOLAND = C:\drive-d\GoLand 2021.2.4\bin;
# environment
DRIVERDATA = C:\Windows\System32\Drivers\DriverData
# environment
ORIGINAL_XDG_CURRENT_DESKTOP = undefined
# environment
USERNAME = pc
# environment
PUBLIC = C:\Users\Public
# environment
VSCODE_AMD_ENTRYPOINT = vs/workbench/api/node/extensionHostProcess
# environment
HOME = c:\Users\pc
# environment
CHOCOLATEYTOOLSLOCATION = C:\tools
# environment
VSCODE_CODE_CACHE_PATH = c:\Users\pc\AppData\Roaming\Code\CachedData\da15b6fd3ef856477bf6f4fb29ba1b7af717770d
# environment
APPLICATION_INSIGHTS_NO_DIAGNOSTIC_CHANNEL = true
# environment
COMMONPROGRAMFILES = C:\Program Files (x86)\Common Files
# environment
LOGONSERVER = \\DESKTOP-SFSE5MQ
# environment
ONEDRIVECONSUMER = C:\Users\pc\OneDrive
# environment
VSCODE_HANDLES_UNCAUGHT_ERRORS = true
# environment
USERDOMAIN = DESKTOP-SFSE5MQ
# environment
INTELLIJ IDEA COMMUNITY EDITION = g:\Program Files\JetBrains\IntelliJ IDEA Community Edition 2021.2.3\bin;
# default
MAKE = $(MAKE_COMMAND)
# default
MAKECMDGOALS := all
# environment
JAVA_HOME = G:\Program Files\RedHat\java-1.8.0-openjdk-1.8.0.312-2\
# default
MAKE_VERSION := 3.81
# makefile
.DEFAULT_GOAL := gen
# environment
GOROOT = G:\Go
# environment
PROGRAMFILES(X86) = C:\Program Files (x86)
# automatic
%D = $(patsubst %/,%,$(dir $%))
# environment
LOCALAPPDATA = c:\Users\pc\AppData\Local
# environment
PSMODULEPATH = C:\Program Files\WindowsPowerShell\Modules;C:\WINDOWS\system32\WindowsPowerShell\v1.0\Modules;g:\Program Files (x86)\Google\Cloud SDK\google-cloud-sdk\platform\PowerShell
# default
MAKE_COMMAND := make.exe
# environment
PROCESSOR_ARCHITEW6432 = AMD64
# default
.VARIABLES := 
# automatic
*F = $(notdir $*)
# environment
PROCESSOR_IDENTIFIER = Intel64 Family 6 Model 44 Stepping 2, GenuineIntel
# environment
OS = Windows_NT
# environment
VSCODE_IPC_HOOK = \\.\pipe\b0243cb44bc099c7c23de8d365722abb-1.67.1-main-sock
# environment
HOMEPATH = \Users\pc
# environment
COMMONPROGRAMFILES(X86) = C:\Program Files (x86)\Common Files
# environment
PROMPT = $P$G
# environment
MFLAGS = -Rrqp
# automatic
*D = $(patsubst %/,%,$(dir $*))
# environment
SYSTEMROOT = C:\WINDOWS
# automatic
+D = $(patsubst %/,%,$(dir $+))
# automatic
+F = $(notdir $+)
# environment
APPDATA = c:\Users\pc\AppData\Roaming
# environment
__COMPAT_LAYER = DetectorsAppHealth
# environment
TEMP = G:\Users\pc1\TEMP
# environment
COMSPEC = C:\WINDOWS\system32\cmd.exe
# default
MAKEFILES := 
# environment
BHT_APIKEY = 1094d9f3180a874154787004607fd8fb
# automatic
<F = $(notdir $<)
# environment
LC_ALL = C
# automatic
^F = $(notdir $^)
# default
SUFFIXES := 
# environment
SYSTEMDRIVE = C:
# environment
SESSIONNAME = Console
# environment
PROCESSOR_REVISION = 2c02
# environment
PYCHARM = g:\Program Files\JetBrains\PyCharm 2021.3.3\bin;
# environment
MAKELEVEL := 0
# environment
LANG = C
# environment
PROCESSOR_LEVEL = 6
# environment
VSCODE_PID = 14568
# environment
USERDOMAIN_ROAMINGPROFILE = DESKTOP-SFSE5MQ
# variable set hash-table stats:
# Load=108/1024=11%, Rehash=0, Collisions=9/128=7%

# Pattern-specific Variable Values

# No pattern-specific variable values.

# Directories

# g:\Program Files\Git\cmd (key g:/Program Files/Git/cmd, mtime 1640285960): 8 files, no impossibilities.
# c:\Users\pc\AppData\Local\Google\Cloud SDK\google-cloud-sdk\bin: could not be stat'd.
# g:\Users\pc1\AppData\Local\Microsoft\WindowsApps (key g:/Users/pc1/AppData/Local/Microsoft/WindowsApps, mtime 1644756805): 11 files, no impossibilities.
# c:\Users\pc\AppData\Local\Programs\Rancher Desktop\resources\resources\linux\bin (key c:/Users/pc/AppData/Local/Programs/Rancher Desktop/resources/resources/linux/bin, mtime 1648141452): 12 files, no impossibilities.
# C:\Program Files\Docker\Docker\resources\bin (key C:/Program Files/Docker/Docker/resources/bin, mtime 1650441048): 13 files, no impossibilities.
# G:\Program Files\RedHat\java-1.8.0-openjdk-1.8.0.312-2\bin (key G:/Program Files/RedHat/java-1.8.0-openjdk-1.8.0.312-2/bin, mtime 1636580989): 52 files, no impossibilities.
# c:\dapr (key c:/dapr, mtime 1636976019): 3 files, no impossibilities.
# G:\Program Files\qemu (key G:/Program Files/qemu, mtime 1646330836): 127 files, no impossibilities.
# g:\Users\pc\AppData\Local\Programs\Hyper\resources\bin (key g:/Users/pc/AppData/Local/Programs/Hyper/resources/bin, mtime 1633769202): 6 files, no impossibilities.
# C:\Program Files\Microsoft SQL Server\150\Tools\Binn\ (key C:/Program Files/Microsoft SQL Server/150/Tools/Binn/, mtime 1644256818): 4 files, no impossibilities.
# C:\Users\pc\go\src: could not be stat'd.
# C:\Windows\System32\WindowsPowerShell\v1.0\ (key C:/Windows/System32/WindowsPowerShell/v1.0/, mtime 1633528174): 30 files, no impossibilities.
# C:\Users\pc\scoop\shims (key C:/Users/pc/scoop/shims, mtime 1646424512): 7 files, no impossibilities.
# g:\Users\pc1\go\bin (key g:/Users/pc1/go/bin, mtime 1652549690): 83 files, no impossibilities.
# C:\Windows\System32\Wbem (key C:/Windows/System32/Wbem, mtime 1650225172): 171 files, no impossibilities.
# . (key c:/drive-d/repos/github.com/yasir2000/go-grpc-1, mtime 1652559229): 10 files, no impossibilities.
# g:\Program Files\JetBrains\PyCharm 2021.3.3\bin (key g:/Program Files/JetBrains/PyCharm 2021.3.3/bin, mtime 1649584905): 29 files, no impossibilities.
# C:\Program Files (x86)\NVIDIA Corporation\PhysX\Common (key C:/Program Files (x86)/NVIDIA Corporation/PhysX/Common, mtime 1646770039): 10 files, no impossibilities.
# C:\Program Files\MicroK8s (key C:/Program Files/MicroK8s, mtime 1644185911): 5 files, no impossibilities.
# c:\Users\pc\AppData\Local\Microsoft\WindowsApps (key c:/Users/pc/AppData/Local/Microsoft/WindowsApps, mtime 1652518780): 26 files, no impossibilities.
# G:\Program Files\RedHat\java-1.8.0-openjdk-1.8.0.312-2\jre\bin (key G:/Program Files/RedHat/java-1.8.0-openjdk-1.8.0.312-2/jre/bin, mtime 1636580989): 58 files, no impossibilities.
# g:\Program Files\JetBrains\IntelliJ IDEA Community Edition 2021.2.3\bin (key g:/Program Files/JetBrains/IntelliJ IDEA Community Edition 2021.2.3/bin, mtime 1636583043): 31 files, no impossibilities.
# C:\ProgramData\chocolatey\bin (key C:/ProgramData/chocolatey/bin, mtime 1648199279): 19 files, no impossibilities.
# G:\Program Files\nodejs\ (key G:/Program Files/nodejs/, mtime 1636731489): 13 files, no impossibilities.
# g:\TDM-GCC-64\bin (key g:/TDM-GCC-64/bin, mtime 1639409685): 88 files, no impossibilities.
# C:\Python310\ (key C:/Python310/, mtime 1636563221): 18 files, no impossibilities.
# g:\Program Files (x86)\Google\Cloud SDK\google-cloud-sdk\bin (key g:/Program Files (x86)/Google/Cloud SDK/google-cloud-sdk/bin, mtime 1649705008): 28 files, no impossibilities.
# G:\Program Files\flutter\flutter\bin (key G:/Program Files/flutter/flutter/bin, mtime 1643904841): 9 files, no impossibilities.
# g:\Program Files\Multipass\bin: could not be stat'd.
# C:\Program Files\Eclipse Adoptium\jdk-17.0.1.12-hotspot\bin (key C:/Program Files/Eclipse Adoptium/jdk-17.0.1.12-hotspot/bin, mtime 1646766982): 122 files, no impossibilities.
# C:\Python310\Scripts\ (key C:/Python310/Scripts/, mtime 1641546133): 19 files, no impossibilities.
# C:\Program Files\MySQL\MySQL Shell 8.0\bin\ (key C:/Program Files/MySQL/MySQL Shell 8.0/bin/, mtime 1646773441): 9 files, no impossibilities.
# C:\Program Files (x86)\Google\Cloud SDK\google-cloud-sdk\bin: could not be stat'd.
# g:\Users\pc1\.local\bin (key g:/Users/pc1/.local/bin, mtime 1644753100): 4 files, no impossibilities.
# G:\Go (key G:/Go, mtime 1643136333): 19 files, no impossibilities.
# C:\drive-d\Microsoft VS Code\bin: could not be stat'd.
# C:\Windows\System32\OpenSSH\: could not be stat'd.
# G:\Program Files\PuTTY\ (key G:/Program Files/PuTTY/, mtime 1649696423): 12 files, no impossibilities.
# C:\Program Files (x86)\AOMEI\AOMEI Backupper\6.9.1 (key C:/Program Files (x86)/AOMEI/AOMEI Backupper/6.9.1, mtime 1650783519): 149 files, no impossibilities.
# C:\ProgramData\DockerDesktop\version-bin: could not be stat'd.
# g:\Program Files (x86)\GnuWin32\bin: could not be stat'd.
# c:\Users\pc\AppData\Local\Programs\Rancher Desktop\resources\resources\win32\bin (key c:/Users/pc/AppData/Local/Programs/Rancher Desktop/resources/resources/win32/bin, mtime 1648141452): 11 files, no impossibilities.
# C:\drive-d\GoLand 2021.2.4\bin (key C:/drive-d/GoLand 2021.2.4/bin, mtime 1639696307): 28 files, no impossibilities.
# C:\Windows (key C:/Windows, mtime 1650225170): 118 files, no impossibilities.
# c:\Us: could not be stat'd.
# C:\Program Files\luajit (key C:/Program Files/luajit, mtime 1642359977): 5 files, no impossibilities.
# c:\Users\pc\AppData\Local\cloud-code\installer\google-cloud-sdk\bin (key c:/Users/pc/AppData/Local/cloud-code/installer/google-cloud-sdk/bin, mtime 1652548992): 30 files, no impossibilities.
# C:\Users\pc\.local\bin: could not be stat'd.
# g:\Users\pc1\AppData\Local\Programs\Fiddler: could not be stat'd.
# C:\Program Files\dotnet\ (key C:/Program Files/dotnet/, mtime 1649853481): 13 files, no impossibilities.
# g:\Users\pc1\AppData\Roaming\npm (key g:/Users/pc1/AppData/Roaming/npm, mtime 1644759437): 25 files, no impossibilities.
# g:\Ruby30-x64\bin (key g:/Ruby30-x64/bin, mtime 1637787385): 28 files, no impossibilities.
# G:\Program Files\Amazon\AWSCLIV2\ (key G:/Program Files/Amazon/AWSCLIV2/, mtime 1649239111): 38 files, no impossibilities.
# C:\Program Files (x86)\dotnet\ (key C:/Program Files (x86)/dotnet/, mtime 1649853619): 8 files, no impossibilities.
# g:\Users\pc1\.dotnet\tools: could not be stat'd.
# C:\tools\dart-sdk\bin (key C:/tools/dart-sdk/bin, mtime 1643602576): 13 files, no impossibilities.
# G:\Program Files\PostgreSQL\14\bin (key G:/Program Files/PostgreSQL/14/bin, mtime 1641404014): 71 files, no impossibilities.
# C:\Program Files\JetBrains\IntelliJ IDEA 2021.2.3\bin (key C:/Program Files/JetBrains/IntelliJ IDEA 2021.2.3/bin, mtime 1646764895): 31 files, no impossibilities.
# C:\Program Files\Git\cmd (key C:/Program Files/Git/cmd, mtime 1637266930): 8 files, no impossibilities.
# C:\Windows\system32 (key C:/Windows/system32, mtime 1652506785): 2920 files, no impossibilities.
# g:\Users\pc\AppData\Roaming\Pub\Cache\bin: could not be stat'd.
# G:\go\bin (key G:/go/bin, mtime 1643136315): 4 files, no impossibilities.
# C:\Program Files\Google\Cloud SDK\google-cloud-sdk\bin: could not be stat'd.
# g:\Users\pc\AppData\Local\Programs\Microsoft VS Code\bin (key g:/Users/pc/AppData/Local/Programs/Microsoft VS Code/bin, mtime 1652548555): 4 files, no impossibilities.
# C:\Program Files (x86)\Microsoft SDKs\Azure\CLI2\wbin (key C:/Program Files (x86)/Microsoft SDKs/Azure/CLI2/wbin, mtime 1644240596): 4 files, no impossibilities.
# G:\Users\pc1\AppData\Local\Programs\Hyper\resources\bin: could not be stat'd.
# g:\Users\pc1\go\src (key g:/Users/pc1/go/src, mtime 1644477488): 2 files, no impossibilities.
# g:\Users\pc1\.dapr\bin (key g:/Users/pc1/.dapr/bin, mtime 1644752939): 5 files, no impossibilities.
# g:\Users\pc1\AppData\Local\GitHubDesktop\bin (key g:/Users/pc1/AppData/Local/GitHubDesktop/bin, mtime 1644755962): 4 files, no impossibilities.
# G:\HashiCorp\Vagrant\bin (key G:/HashiCorp/Vagrant/bin, mtime 1644009282): 3 files, no impossibilities.
# C:\Program Files\NVIDIA Corporation\NVIDIA NvDLISR (key C:/Program Files/NVIDIA Corporation/NVIDIA NvDLISR, mtime 1617923557): 5 files, no impossibilities.
# C:\Program Files\MicroK8s\kubectl (key C:/Program Files/MicroK8s/kubectl, mtime 1644185836): 3 files, no impossibilities.
# C:\Program Files (x86)\GnuWin32\bin (key C:/Program Files (x86)/GnuWin32/bin, mtime 1640726250): 5 files, no impossibilities.

# 4591 files, no impossibilities in 73 directories.

# Implicit Rules

# No implicit rules.

# Files

# Not a target:
all:
#  Command-line target.
#  Implicit rule search has been done.
#  File does not exist.
#  File has not been updated.
# variable set hash-table stats:
# Load=0/32=0%, Rehash=0, Collisions=0/0=0%

# Not a target:
.DEFAULT:
#  Implicit rule search has not been done.
#  Modification time never checked.
#  File has not been updated.

gen:
#  Implicit rule search has not been done.
#  Modification time never checked.
#  File has not been updated.
#  commands to execute (from `makefile', line 2):
	protoc --proto_path=proto proto/*.proto --go_out=plugins=grpc:pb 
	

# Not a target:
makefile:
#  Implicit rule search has been done.
#  Last modified 2022-05-14 22:48:10
#  File has been updated.
#  Successfully updated.
# variable set hash-table stats:
# Load=0/32=0%, Rehash=0, Collisions=0/0=0%

# Not a target:
.SUFFIXES:
#  Implicit rule search has not been done.
#  Modification time never checked.
#  File has not been updated.

run:
#  Implicit rule search has not been done.
#  Modification time never checked.
#  File has not been updated.
#  commands to execute (from `makefile', line 6):
	go run main.go
	

clean:
#  Implicit rule search has not been done.
#  Modification time never checked.
#  File has not been updated.
#  commands to execute (from `makefile', line 4):
	rm -fdr pb/*.go
	

# files hash-table stats:
# Load=7/1024=1%, Rehash=0, Collisions=0/18=0%
# VPATH Search Paths

# No `vpath' search paths.

# No general (`VPATH' variable) search path.

# # of strings in strcache: 1
# # of strcache buffers: 1
# strcache size: total = 4096 / max = 4096 / min = 4096 / avg = 4096
# strcache free: total = 4087 / max = 4087 / min = 4087 / avg = 4087

# Finished Make data base on Sat May 14 23:13:50 2022

 
make.exe: *** No rule to make target `all'.  Stop.

